Arguments: 
  /home/brynte/.local/share/fnm/node-versions/v14.19.3/installation/bin/node /home/brynte/.cache/node/corepack/yarn/1.22.19/bin/yarn.js add /home/brynte/tjing/graphql_rust_thing/wasm-test/pkg

PATH: 
  /run/user/1000/fnm_multishells/909208_1681047921542/bin:/home/brynte/.local/share/gem/ruby/3.0.0/bin:/home/brynte/.cargo/bin:/run/user/1000/fnm_multishells/909208_1681047921542/bin:/home/brynte/.local/share/gem/ruby/3.0.0/bin:/home/brynte/.cargo/bin:/usr/local/sbin:/usr/local/bin:/usr/bin:/home/brynte/.dotnet/tools:/usr/lib/jvm/default/bin:/usr/bin/site_perl:/usr/bin/vendor_perl:/usr/bin/core_perl

Yarn version: 
  1.22.19

Node version: 
  14.19.3

Platform: 
  linux x64

Trace: 
  Error: https://registry.yarnpkg.com/rust-wasm-test-edvin: Not found
      at Request.params.callback [as _callback] (/home/brynte/.cache/node/corepack/yarn/1.22.19/lib/cli.js:66145:18)
      at Request.self.callback (/home/brynte/.cache/node/corepack/yarn/1.22.19/lib/cli.js:140890:22)
      at Request.emit (events.js:400:28)
      at Request.<anonymous> (/home/brynte/.cache/node/corepack/yarn/1.22.19/lib/cli.js:141862:10)
      at Request.emit (events.js:400:28)
      at IncomingMessage.<anonymous> (/home/brynte/.cache/node/corepack/yarn/1.22.19/lib/cli.js:141784:12)
      at Object.onceWrapper (events.js:519:28)
      at IncomingMessage.emit (events.js:412:35)
      at endReadableNT (internal/streams/readable.js:1333:12)
      at processTicksAndRejections (internal/process/task_queues.js:82:21)

npm manifest: 
  {
  	"name": "levandevideo-vmix",
  	"version": "1.0.0",
  	"api_version": "1.0.0",
  	"description": "Vmix module for Levande Video",
  	"keywords": [],
  	"manufacturer": "Levande Video",
  	"product": "Vmix",
  	"shortname": "lvvmix",
  	"main": "index.js",
  	"scripts": {
  		"test": "echo \"Error: no test specified\" && exit 1"
  	},
  	"repository": {
  		"type": "git",
  		"url": "git+https://github.com/bitfocus/companion-module-bitfocus-companion.git"
  	},
  	"author": "Edvin Bryntesson <epost@edvinbryntesson.se>",
  	"license": "MIT",
  	"contributors": [
  	],
  	"bugs": {
  		"url": "https://github.com/bitfocus/companion-module-bitfocus-companion/issues"
  	},
  	"homepage": "https://github.com/bitfocus/companion-module-bitfocus-companion#readme",
  	"dependencies": {
  		"rust-wasm-test-edvin": "0.1.0"
  	}
  }

yarn manifest: 
  No manifest

Lockfile: 
  # THIS IS AN AUTOGENERATED FILE. DO NOT EDIT THIS FILE DIRECTLY.
  # yarn lockfile v1
  
  
  rust-wasm-test@0.1.0:
    version "0.1.0"
    resolved "https://registry.yarnpkg.com/rust-wasm-test/-/rust-wasm-test-0.1.0.tgz#87b3668de1d4916c87d8cd83539ed3c66a569b66"
    integrity sha512-VW72t5bhz+2RvQQaDA19Csl/AoP3Qu0sMdv+cOCWJp457S8UU0LD4GpZdV16e+CDJRQjV2OTHyK2rb6x5Wyltg==
